[Mon, 23 Apr 18 14:38:32 +0700][ERROR] [5]: Action 'vendor' was not found on handler 'event'

[Mon, 23 Apr 18 14:38:32 +0700][ERROR] [5]: Action 'vendor' was not found on handler 'event'

[Mon, 23 Apr 18 15:21:31 +0700][ERROR] [5]: Action 'vendor' was not found on handler 'event'

[Mon, 23 Apr 18 15:21:31 +0700][ERROR] [5]: Action 'vendor' was not found on handler 'event'

[Mon, 23 Apr 18 15:21:35 +0700][ERROR] [5]: Action 'vendor' was not found on handler 'event'

[Mon, 23 Apr 18 15:21:35 +0700][ERROR] [5]: Action 'vendor' was not found on handler 'event'

[Mon, 23 Apr 18 15:23:49 +0700][ERROR] [5]: Action 'vendor' was not found on handler 'event'

[Mon, 23 Apr 18 15:23:49 +0700][ERROR] [5]: Action 'vendor' was not found on handler 'event'

[Mon, 23 Apr 18 15:24:00 +0700][ERROR] [5]: Action 'vendor' was not found on handler 'event'

[Mon, 23 Apr 18 15:24:00 +0700][ERROR] [5]: Action 'vendor' was not found on handler 'event'

[Mon, 23 Apr 18 15:24:22 +0700][ERROR] [5]: Action 'vendor' was not found on handler 'event'

[Mon, 23 Apr 18 15:24:22 +0700][ERROR] [5]: Action 'vendor' was not found on handler 'event'

[Mon, 23 Apr 18 15:24:25 +0700][ERROR] [5]: Action 'vendor' was not found on handler 'event'

[Mon, 23 Apr 18 15:24:25 +0700][ERROR] [5]: Action 'vendor' was not found on handler 'event'

[Mon, 23 Apr 18 15:27:09 +0700][ERROR] [2]: ImgController handler class cannot be loaded

[Mon, 23 Apr 18 15:27:15 +0700][ERROR] [2]: ImgController handler class cannot be loaded

[Mon, 23 Apr 18 15:27:21 +0700][ERROR] [2]: ImgController handler class cannot be loaded

[Mon, 23 Apr 18 15:34:46 +0700][ERROR] [5]: Action 'vendor' was not found on handler 'event'

[Mon, 23 Apr 18 15:34:46 +0700][ERROR] [5]: Action 'vendor' was not found on handler 'event'

[Mon, 23 Apr 18 15:34:51 +0700][ERROR] [5]: Action 'vendor' was not found on handler 'event'

[Mon, 23 Apr 18 15:34:51 +0700][ERROR] [5]: Action 'vendor' was not found on handler 'event'

[Mon, 23 Apr 18 15:34:53 +0700][ERROR] [5]: Action 'vendor' was not found on handler 'event'

[Mon, 23 Apr 18 15:34:54 +0700][ERROR] [5]: Action 'vendor' was not found on handler 'event'

[Mon, 23 Apr 18 15:34:57 +0700][ERROR] [5]: Action 'vendor' was not found on handler 'event'

[Mon, 23 Apr 18 15:34:57 +0700][ERROR] [5]: Action 'vendor' was not found on handler 'event'

[Mon, 23 Apr 18 15:35:01 +0700][ERROR] [5]: Action 'vendor' was not found on handler 'event'

[Mon, 23 Apr 18 15:35:01 +0700][ERROR] [5]: Action 'vendor' was not found on handler 'event'

[Mon, 23 Apr 18 15:35:08 +0700][ERROR] [5]: Action 'vendor' was not found on handler 'event'

[Mon, 23 Apr 18 15:35:08 +0700][ERROR] [5]: Action 'vendor' was not found on handler 'event'

[Mon, 23 Apr 18 15:35:30 +0700][ERROR] [5]: Action 'vendor' was not found on handler 'event'

[Mon, 23 Apr 18 15:35:30 +0700][ERROR] [5]: Action 'vendor' was not found on handler 'event'

[Mon, 23 Apr 18 15:35:33 +0700][ERROR] [5]: Action 'vendor' was not found on handler 'event'

[Mon, 23 Apr 18 15:35:34 +0700][ERROR] [5]: Action 'vendor' was not found on handler 'event'

[Mon, 23 Apr 18 15:39:56 +0700][ERROR] [5]: Action 'vendor' was not found on handler 'event'

[Mon, 23 Apr 18 15:39:56 +0700][ERROR] [5]: Action 'vendor' was not found on handler 'event'

[Mon, 23 Apr 18 15:40:16 +0700][ERROR] [5]: Action 'vendor' was not found on handler 'event'

[Mon, 23 Apr 18 15:40:16 +0700][ERROR] [5]: Action 'vendor' was not found on handler 'event'

[Mon, 23 Apr 18 15:43:54 +0700][ERROR] [2]: ImgController handler class cannot be loaded

[Mon, 23 Apr 18 15:44:32 +0700][ERROR] [5]: Action 'vendor' was not found on handler 'event'

[Mon, 23 Apr 18 15:44:32 +0700][ERROR] [5]: Action 'vendor' was not found on handler 'event'

[Mon, 23 Apr 18 15:46:17 +0700][ERROR] [5]: Action 'vendor' was not found on handler 'event'

[Mon, 23 Apr 18 15:46:17 +0700][ERROR] [5]: Action 'vendor' was not found on handler 'event'

[Mon, 23 Apr 18 15:46:21 +0700][ERROR] [5]: Action 'vendor' was not found on handler 'event'

[Mon, 23 Apr 18 15:46:21 +0700][ERROR] [5]: Action 'vendor' was not found on handler 'event'

[Mon, 23 Apr 18 15:48:07 +0700][ERROR] [5]: Action 'vendor' was not found on handler 'event'

[Mon, 23 Apr 18 15:48:07 +0700][ERROR] [5]: Action 'vendor' was not found on handler 'event'

[Mon, 23 Apr 18 15:48:16 +0700][ERROR] [5]: Action 'vendor' was not found on handler 'event'

[Mon, 23 Apr 18 15:48:16 +0700][ERROR] [5]: Action 'vendor' was not found on handler 'event'

[Mon, 23 Apr 18 15:48:21 +0700][ERROR] [5]: Action 'vendor' was not found on handler 'event'

[Mon, 23 Apr 18 15:48:21 +0700][ERROR] [5]: Action 'vendor' was not found on handler 'event'

[Mon, 23 Apr 18 15:49:16 +0700][ERROR] [5]: Action 'vendor' was not found on handler 'event'

[Mon, 23 Apr 18 15:49:16 +0700][ERROR] [5]: Action 'vendor' was not found on handler 'event'

[Mon, 23 Apr 18 15:50:58 +0700][ERROR] [5]: Action 'vendor' was not found on handler 'event'

[Mon, 23 Apr 18 15:50:58 +0700][ERROR] [5]: Action 'vendor' was not found on handler 'event'

[Mon, 23 Apr 18 15:52:17 +0700][ERROR] [5]: Action 'vendor' was not found on handler 'event'

[Mon, 23 Apr 18 15:52:17 +0700][ERROR] [5]: Action 'vendor' was not found on handler 'event'

[Mon, 23 Apr 18 15:52:17 +0700][ERROR] [5]: Action '14231765_1267340109943554_52063900345680867_o.jpg' was not found on handler 'event'

[Mon, 23 Apr 18 15:52:17 +0700][ERROR] [5]: Action 'vendor' was not found on handler 'event'

[Mon, 23 Apr 18 15:52:25 +0700][ERROR] [5]: Action 'vendor' was not found on handler 'event'

[Mon, 23 Apr 18 15:52:25 +0700][ERROR] [5]: Action 'vendor' was not found on handler 'event'

[Mon, 23 Apr 18 15:52:25 +0700][ERROR] [5]: Action '29571299_1511047392356818_7108790374523501568_n.jpg' was not found on handler 'event'

[Mon, 23 Apr 18 15:52:25 +0700][ERROR] [5]: Action 'vendor' was not found on handler 'event'

[Mon, 23 Apr 18 15:52:25 +0700][ERROR] [5]: Action 'vendor' was not found on handler 'event'

[Mon, 23 Apr 18 15:57:02 +0700][ERROR] [5]: Action 'vendor' was not found on handler 'event'

[Mon, 23 Apr 18 15:57:02 +0700][ERROR] [5]: Action 'vendor' was not found on handler 'event'

[Mon, 23 Apr 18 15:57:02 +0700][ERROR] [2]: ImgController handler class cannot be loaded

[Mon, 23 Apr 18 15:57:02 +0700][ERROR] [5]: Action 'vendor' was not found on handler 'event'

[Mon, 23 Apr 18 15:57:02 +0700][ERROR] [5]: Action 'vendor' was not found on handler 'event'

[Mon, 23 Apr 18 15:57:16 +0700][ERROR] [5]: Action 'vendor' was not found on handler 'event'

[Mon, 23 Apr 18 15:57:16 +0700][ERROR] [5]: Action 'vendor' was not found on handler 'event'

[Mon, 23 Apr 18 15:57:16 +0700][ERROR] [5]: Action 'vendor' was not found on handler 'event'

[Mon, 23 Apr 18 15:57:16 +0700][ERROR] [5]: Action 'vendor' was not found on handler 'event'

[Mon, 23 Apr 18 15:58:08 +0700][ERROR] [5]: Action 'vendor' was not found on handler 'event'

[Mon, 23 Apr 18 15:58:08 +0700][ERROR] [5]: Action 'vendor' was not found on handler 'event'

[Mon, 23 Apr 18 15:58:08 +0700][ERROR] [5]: Action 'vendor' was not found on handler 'event'

[Mon, 23 Apr 18 15:58:08 +0700][ERROR] [5]: Action 'vendor' was not found on handler 'event'

[Mon, 23 Apr 18 16:10:58 +0700][ERROR] [5]: Action 'vendor' was not found on handler 'event'

[Mon, 23 Apr 18 16:10:58 +0700][ERROR] [5]: Action 'vendor' was not found on handler 'event'

[Mon, 23 Apr 18 16:10:58 +0700][ERROR] [5]: Action 'vendor' was not found on handler 'event'

[Mon, 23 Apr 18 16:10:58 +0700][ERROR] [5]: Action 'vendor' was not found on handler 'event'

[Mon, 23 Apr 18 16:12:48 +0700][ERROR] [5]: Action 'vendor' was not found on handler 'event'

[Mon, 23 Apr 18 16:12:48 +0700][ERROR] [5]: Action 'vendor' was not found on handler 'event'

[Mon, 23 Apr 18 16:12:48 +0700][ERROR] [5]: Action 'vendor' was not found on handler 'event'

[Mon, 23 Apr 18 16:12:48 +0700][ERROR] [5]: Action 'vendor' was not found on handler 'event'

[Mon, 23 Apr 18 16:13:12 +0700][ERROR] [2]: ImgController handler class cannot be loaded

[Mon, 23 Apr 18 16:13:14 +0700][ERROR] [5]: Action 'vendor' was not found on handler 'event'

[Mon, 23 Apr 18 16:13:14 +0700][ERROR] [5]: Action 'vendor' was not found on handler 'event'

[Mon, 23 Apr 18 16:13:14 +0700][ERROR] [5]: Action 'vendor' was not found on handler 'event'

[Mon, 23 Apr 18 16:13:14 +0700][ERROR] [5]: Action 'vendor' was not found on handler 'event'

[Mon, 23 Apr 18 16:15:05 +0700][ERROR] [5]: Action 'vendor' was not found on handler 'event'

[Mon, 23 Apr 18 16:15:05 +0700][ERROR] [5]: Action 'vendor' was not found on handler 'event'

[Mon, 23 Apr 18 16:15:05 +0700][ERROR] [5]: Action 'vendor' was not found on handler 'event'

[Mon, 23 Apr 18 16:15:05 +0700][ERROR] [5]: Action 'vendor' was not found on handler 'event'

[Mon, 23 Apr 18 16:15:10 +0700][ERROR] [5]: Action 'vendor' was not found on handler 'event'

[Mon, 23 Apr 18 16:15:10 +0700][ERROR] [5]: Action 'vendor' was not found on handler 'event'

[Mon, 23 Apr 18 16:15:10 +0700][ERROR] [2]: ImgController handler class cannot be loaded

[Mon, 23 Apr 18 16:15:10 +0700][ERROR] [5]: Action 'vendor' was not found on handler 'event'

[Mon, 23 Apr 18 16:15:10 +0700][ERROR] [5]: Action 'vendor' was not found on handler 'event'

[Mon, 23 Apr 18 16:15:52 +0700][ERROR] [5]: Action 'vendor' was not found on handler 'event'

[Mon, 23 Apr 18 16:15:52 +0700][ERROR] [5]: Action 'vendor' was not found on handler 'event'

[Mon, 23 Apr 18 16:15:52 +0700][ERROR] [5]: Action 'vendor' was not found on handler 'event'

[Mon, 23 Apr 18 16:15:52 +0700][ERROR] [5]: Action 'vendor' was not found on handler 'event'

[Mon, 23 Apr 18 16:15:59 +0700][ERROR] [5]: Action 'vendor' was not found on handler 'event'

[Mon, 23 Apr 18 16:15:59 +0700][ERROR] [5]: Action 'vendor' was not found on handler 'event'

[Mon, 23 Apr 18 16:15:59 +0700][ERROR] [5]: Action 'vendor' was not found on handler 'event'

[Mon, 23 Apr 18 16:15:59 +0700][ERROR] [5]: Action 'vendor' was not found on handler 'event'

[Mon, 23 Apr 18 16:17:08 +0700][ERROR] [5]: Action 'vendor' was not found on handler 'event'

[Mon, 23 Apr 18 16:17:08 +0700][ERROR] [5]: Action 'vendor' was not found on handler 'event'

[Mon, 23 Apr 18 16:17:08 +0700][ERROR] [5]: Action 'vendor' was not found on handler 'event'

[Mon, 23 Apr 18 16:17:08 +0700][ERROR] [5]: Action 'vendor' was not found on handler 'event'

[Mon, 23 Apr 18 16:18:01 +0700][ERROR] [5]: Action 'vendor' was not found on handler 'event'

[Mon, 23 Apr 18 16:18:01 +0700][ERROR] [5]: Action 'vendor' was not found on handler 'event'

[Mon, 23 Apr 18 16:18:01 +0700][ERROR] [5]: Action 'vendor' was not found on handler 'event'

[Mon, 23 Apr 18 16:18:01 +0700][ERROR] [5]: Action 'vendor' was not found on handler 'event'

[Mon, 23 Apr 18 16:18:04 +0700][ERROR] [5]: Action 'vendor' was not found on handler 'event'

[Mon, 23 Apr 18 16:18:04 +0700][ERROR] [5]: Action 'vendor' was not found on handler 'event'

[Mon, 23 Apr 18 16:18:04 +0700][ERROR] [5]: Action 'vendor' was not found on handler 'event'

[Mon, 23 Apr 18 16:18:04 +0700][ERROR] [5]: Action 'vendor' was not found on handler 'event'

[Mon, 23 Apr 18 16:21:01 +0700][ERROR] [5]: Action 'vendor' was not found on handler 'event'

[Mon, 23 Apr 18 16:21:01 +0700][ERROR] [5]: Action 'vendor' was not found on handler 'event'

[Mon, 23 Apr 18 16:21:01 +0700][ERROR] [5]: Action 'vendor' was not found on handler 'event'

[Mon, 23 Apr 18 16:21:01 +0700][ERROR] [5]: Action 'vendor' was not found on handler 'event'

[Mon, 23 Apr 18 16:21:06 +0700][ERROR] [5]: Action 'vendor' was not found on handler 'event'

[Mon, 23 Apr 18 16:21:06 +0700][ERROR] [5]: Action 'vendor' was not found on handler 'event'

[Mon, 23 Apr 18 16:21:06 +0700][ERROR] [5]: Action 'vendor' was not found on handler 'event'

[Mon, 23 Apr 18 16:21:06 +0700][ERROR] [5]: Action 'vendor' was not found on handler 'event'

[Mon, 23 Apr 18 16:24:38 +0700][ERROR] [5]: Action 'vendor' was not found on handler 'event'

[Mon, 23 Apr 18 16:24:38 +0700][ERROR] [5]: Action 'vendor' was not found on handler 'event'

[Mon, 23 Apr 18 16:24:38 +0700][ERROR] [5]: Action 'vendor' was not found on handler 'event'

[Mon, 23 Apr 18 16:24:38 +0700][ERROR] [5]: Action 'vendor' was not found on handler 'event'

[Mon, 23 Apr 18 16:24:43 +0700][ERROR] [5]: Action 'vendor' was not found on handler 'event'

[Mon, 23 Apr 18 16:24:43 +0700][ERROR] [5]: Action 'vendor' was not found on handler 'event'

[Mon, 23 Apr 18 16:24:43 +0700][ERROR] [5]: Action 'vendor' was not found on handler 'event'

[Mon, 23 Apr 18 16:24:43 +0700][ERROR] [5]: Action 'vendor' was not found on handler 'event'

[Mon, 23 Apr 18 16:25:13 +0700][ERROR] [5]: Action 'vendor' was not found on handler 'event'

[Mon, 23 Apr 18 16:25:13 +0700][ERROR] [5]: Action 'vendor' was not found on handler 'event'

[Mon, 23 Apr 18 16:27:45 +0700][ERROR] [5]: Action 'vendor' was not found on handler 'event'

[Mon, 23 Apr 18 16:27:45 +0700][ERROR] [5]: Action 'vendor' was not found on handler 'event'

[Mon, 23 Apr 18 16:27:45 +0700][ERROR] [2]: ImgController handler class cannot be loaded

[Mon, 23 Apr 18 16:27:45 +0700][ERROR] [5]: Action 'vendor' was not found on handler 'event'

[Mon, 23 Apr 18 16:27:45 +0700][ERROR] [5]: Action 'vendor' was not found on handler 'event'

[Mon, 23 Apr 18 16:27:53 +0700][ERROR] [5]: Action 'vendor' was not found on handler 'event'

[Mon, 23 Apr 18 16:27:53 +0700][ERROR] [5]: Action 'vendor' was not found on handler 'event'

[Mon, 23 Apr 18 16:27:53 +0700][ERROR] [2]: ImgController handler class cannot be loaded

[Mon, 23 Apr 18 16:27:53 +0700][ERROR] [5]: Action 'vendor' was not found on handler 'event'

[Mon, 23 Apr 18 16:27:53 +0700][ERROR] [5]: Action 'vendor' was not found on handler 'event'

[Mon, 23 Apr 18 16:28:57 +0700][ERROR] [5]: Action 'vendor' was not found on handler 'event'

[Mon, 23 Apr 18 16:28:57 +0700][ERROR] [5]: Action 'vendor' was not found on handler 'event'

[Mon, 23 Apr 18 16:28:57 +0700][ERROR] [2]: ImgController handler class cannot be loaded

[Mon, 23 Apr 18 16:28:57 +0700][ERROR] [5]: Action 'vendor' was not found on handler 'event'

[Mon, 23 Apr 18 16:28:57 +0700][ERROR] [5]: Action 'vendor' was not found on handler 'event'

[Mon, 23 Apr 18 16:29:02 +0700][ERROR] [5]: Action 'vendor' was not found on handler 'event'

[Mon, 23 Apr 18 16:29:02 +0700][ERROR] [5]: Action 'vendor' was not found on handler 'event'

[Mon, 23 Apr 18 16:29:02 +0700][ERROR] [5]: Action 'vendor' was not found on handler 'event'

[Mon, 23 Apr 18 16:29:02 +0700][ERROR] [5]: Action 'vendor' was not found on handler 'event'

[Mon, 23 Apr 18 16:30:11 +0700][ERROR] [5]: Action 'vendor' was not found on handler 'event'

[Mon, 23 Apr 18 16:30:12 +0700][ERROR] [5]: Action 'vendor' was not found on handler 'event'

[Mon, 23 Apr 18 16:30:12 +0700][ERROR] [2]: ImgController handler class cannot be loaded

[Mon, 23 Apr 18 16:30:12 +0700][ERROR] [5]: Action 'vendor' was not found on handler 'event'

[Mon, 23 Apr 18 16:30:25 +0700][ERROR] [5]: Action 'vendor' was not found on handler 'event'

[Mon, 23 Apr 18 16:30:25 +0700][ERROR] [5]: Action 'vendor' was not found on handler 'event'

[Mon, 23 Apr 18 16:30:25 +0700][ERROR] [5]: Action 'vendor' was not found on handler 'event'

[Mon, 23 Apr 18 16:30:25 +0700][ERROR] [5]: Action 'vendor' was not found on handler 'event'

[Mon, 23 Apr 18 16:42:08 +0700][ERROR] [5]: Action 'vendor' was not found on handler 'event'

[Mon, 23 Apr 18 16:42:08 +0700][ERROR] [5]: Action 'vendor' was not found on handler 'event'

[Mon, 23 Apr 18 16:42:08 +0700][ERROR] [2]: ImgController handler class cannot be loaded

[Mon, 23 Apr 18 16:42:08 +0700][ERROR] [5]: Action 'vendor' was not found on handler 'event'

[Mon, 23 Apr 18 16:42:27 +0700][ERROR] [5]: Action 'vendor' was not found on handler 'event'

[Mon, 23 Apr 18 16:42:27 +0700][ERROR] [5]: Action 'vendor' was not found on handler 'event'

[Mon, 23 Apr 18 16:42:27 +0700][ERROR] [2]: ImgController handler class cannot be loaded

[Mon, 23 Apr 18 16:42:27 +0700][ERROR] [5]: Action 'vendor' was not found on handler 'event'

[Mon, 23 Apr 18 16:42:27 +0700][ERROR] [5]: Action 'vendor' was not found on handler 'event'

[Mon, 23 Apr 18 16:43:07 +0700][ERROR] [5]: Action 'vendor' was not found on handler 'event'

[Mon, 23 Apr 18 16:43:07 +0700][ERROR] [5]: Action 'vendor' was not found on handler 'event'

[Mon, 23 Apr 18 16:43:07 +0700][ERROR] [5]: Action 'vendor' was not found on handler 'event'

[Mon, 23 Apr 18 16:43:07 +0700][ERROR] [5]: Action 'vendor' was not found on handler 'event'

[Mon, 23 Apr 18 16:44:27 +0700][ERROR] [2]: ImgController handler class cannot be loaded

[Mon, 23 Apr 18 16:44:55 +0700][ERROR] [2]: ImgController handler class cannot be loaded

[Mon, 23 Apr 18 16:47:48 +0700][ERROR] [5]: Action 'vendor' was not found on handler 'event'

[Mon, 23 Apr 18 16:47:48 +0700][ERROR] [5]: Action 'vendor' was not found on handler 'event'

[Mon, 23 Apr 18 16:47:48 +0700][ERROR] [5]: Action 'vendor' was not found on handler 'event'

[Mon, 23 Apr 18 16:47:48 +0700][ERROR] [5]: Action 'vendor' was not found on handler 'event'

[Mon, 23 Apr 18 16:51:22 +0700][ERROR] [5]: Action 'vendor' was not found on handler 'event'

[Mon, 23 Apr 18 16:51:22 +0700][ERROR] [5]: Action 'vendor' was not found on handler 'event'

[Mon, 23 Apr 18 16:51:22 +0700][ERROR] [5]: Action 'vendor' was not found on handler 'event'

[Mon, 23 Apr 18 16:51:22 +0700][ERROR] [5]: Action 'vendor' was not found on handler 'event'

[Mon, 23 Apr 18 16:52:28 +0700][ERROR] [5]: Action 'vendor' was not found on handler 'event'

[Mon, 23 Apr 18 16:52:28 +0700][ERROR] [5]: Action 'vendor' was not found on handler 'event'

[Mon, 23 Apr 18 16:52:28 +0700][ERROR] [2]: ImageController handler class cannot be loaded

[Mon, 23 Apr 18 16:55:37 +0700][ERROR] [5]: Action 'vendor' was not found on handler 'event'

[Mon, 23 Apr 18 16:55:37 +0700][ERROR] [5]: Action 'vendor' was not found on handler 'event'

[Mon, 23 Apr 18 16:55:37 +0700][ERROR] [5]: Action 'vendor' was not found on handler 'event'

[Mon, 23 Apr 18 16:55:37 +0700][ERROR] [5]: Action 'vendor' was not found on handler 'event'

[Mon, 23 Apr 18 16:55:44 +0700][ERROR] [2]: ImageController handler class cannot be loaded

[Mon, 23 Apr 18 16:55:44 +0700][ERROR] [5]: Action 'vendor' was not found on handler 'event'

[Mon, 23 Apr 18 16:56:13 +0700][ERROR] [5]: Action 'vendor' was not found on handler 'event'

[Mon, 23 Apr 18 16:56:13 +0700][ERROR] [5]: Action 'vendor' was not found on handler 'event'

[Mon, 23 Apr 18 16:57:10 +0700][ERROR] [5]: Action 'vendor' was not found on handler 'event'

[Mon, 23 Apr 18 16:57:10 +0700][ERROR] [5]: Action 'vendor' was not found on handler 'event'

[Mon, 23 Apr 18 16:57:10 +0700][ERROR] [5]: Action 'vendor' was not found on handler 'event'

[Mon, 23 Apr 18 16:57:10 +0700][ERROR] [5]: Action 'vendor' was not found on handler 'event'

[Mon, 23 Apr 18 16:58:33 +0700][ERROR] [5]: Action 'vendor' was not found on handler 'event'

[Mon, 23 Apr 18 16:58:33 +0700][ERROR] [5]: Action 'vendor' was not found on handler 'event'

[Mon, 23 Apr 18 16:58:33 +0700][ERROR] [5]: Action 'vendor' was not found on handler 'event'

[Mon, 23 Apr 18 16:58:33 +0700][ERROR] [5]: Action 'vendor' was not found on handler 'event'

[Mon, 23 Apr 18 16:59:00 +0700][ERROR] [5]: Action 'vendor' was not found on handler 'event'

[Mon, 23 Apr 18 16:59:00 +0700][ERROR] [5]: Action 'vendor' was not found on handler 'event'

[Mon, 23 Apr 18 16:59:00 +0700][ERROR] [5]: Action 'vendor' was not found on handler 'event'

[Mon, 23 Apr 18 16:59:00 +0700][ERROR] [5]: Action 'vendor' was not found on handler 'event'

[Mon, 23 Apr 18 16:59:06 +0700][ERROR] [5]: Action 'vendor' was not found on handler 'event'

[Mon, 23 Apr 18 16:59:06 +0700][ERROR] [5]: Action 'vendor' was not found on handler 'event'

[Mon, 23 Apr 18 16:59:06 +0700][ERROR] [5]: Action 'vendor' was not found on handler 'event'

[Mon, 23 Apr 18 16:59:06 +0700][ERROR] [5]: Action 'vendor' was not found on handler 'event'

[Mon, 23 Apr 18 16:59:18 +0700][ERROR] [5]: Action 'vendor' was not found on handler 'event'

[Mon, 23 Apr 18 16:59:18 +0700][ERROR] [5]: Action 'vendor' was not found on handler 'event'

[Mon, 23 Apr 18 17:00:07 +0700][ERROR] [5]: Action 'vendor' was not found on handler 'event'

[Mon, 23 Apr 18 17:00:07 +0700][ERROR] [5]: Action 'vendor' was not found on handler 'event'

[Mon, 23 Apr 18 17:03:01 +0700][ERROR] [5]: Action 'vendor' was not found on handler 'event'

[Mon, 23 Apr 18 17:03:01 +0700][ERROR] [5]: Action 'vendor' was not found on handler 'event'

[Mon, 23 Apr 18 17:03:01 +0700][ERROR] [5]: Action 'vendor' was not found on handler 'event'

[Mon, 23 Apr 18 17:03:01 +0700][ERROR] [5]: Action 'vendor' was not found on handler 'event'

[Mon, 23 Apr 18 17:03:08 +0700][ERROR] [5]: Action 'vendor' was not found on handler 'event'

[Mon, 23 Apr 18 17:03:08 +0700][ERROR] [5]: Action 'vendor' was not found on handler 'event'

[Mon, 23 Apr 18 17:03:08 +0700][ERROR] [5]: Action 'vendor' was not found on handler 'event'

[Mon, 23 Apr 18 17:03:08 +0700][ERROR] [5]: Action 'vendor' was not found on handler 'event'

[Mon, 23 Apr 18 17:05:53 +0700][ERROR] [5]: Action 'vendor' was not found on handler 'event'

[Mon, 23 Apr 18 17:05:53 +0700][ERROR] [5]: Action 'vendor' was not found on handler 'event'

[Mon, 23 Apr 18 17:05:53 +0700][ERROR] [5]: Action 'vendor' was not found on handler 'event'

[Mon, 23 Apr 18 17:05:53 +0700][ERROR] [5]: Action 'vendor' was not found on handler 'event'

[Mon, 23 Apr 18 17:06:30 +0700][ERROR] [5]: Action 'vendor' was not found on handler 'event'

[Mon, 23 Apr 18 17:06:30 +0700][ERROR] [5]: Action 'vendor' was not found on handler 'event'

[Mon, 23 Apr 18 17:06:30 +0700][ERROR] [5]: Action 'vendor' was not found on handler 'event'

[Mon, 23 Apr 18 17:06:30 +0700][ERROR] [5]: Action 'vendor' was not found on handler 'event'

[Mon, 23 Apr 18 17:09:20 +0700][ERROR] [5]: Action 'vendor' was not found on handler 'event'

[Mon, 23 Apr 18 17:09:20 +0700][ERROR] [5]: Action 'vendor' was not found on handler 'event'

[Mon, 23 Apr 18 17:09:20 +0700][ERROR] [5]: Action 'vendor' was not found on handler 'event'

[Mon, 23 Apr 18 17:09:20 +0700][ERROR] [5]: Action 'vendor' was not found on handler 'event'

[Mon, 23 Apr 18 17:09:26 +0700][ERROR] [5]: Action 'vendor' was not found on handler 'event'

[Mon, 23 Apr 18 17:09:26 +0700][ERROR] [5]: Action 'vendor' was not found on handler 'event'

[Mon, 23 Apr 18 17:13:28 +0700][ERROR] [5]: Action 'vendor' was not found on handler 'event'

[Mon, 23 Apr 18 17:13:28 +0700][ERROR] [5]: Action 'vendor' was not found on handler 'event'

[Mon, 23 Apr 18 17:13:31 +0700][ERROR] [5]: Action 'vendor' was not found on handler 'event'

[Mon, 23 Apr 18 17:13:31 +0700][ERROR] [5]: Action 'vendor' was not found on handler 'event'

[Mon, 23 Apr 18 17:13:31 +0700][ERROR] [2]: ImgController handler class cannot be loaded

[Mon, 23 Apr 18 17:13:31 +0700][ERROR] [5]: Action 'vendor' was not found on handler 'event'

[Mon, 23 Apr 18 17:13:31 +0700][ERROR] [5]: Action 'vendor' was not found on handler 'event'

[Mon, 23 Apr 18 17:14:04 +0700][ERROR] [5]: Action 'vendor' was not found on handler 'event'

[Mon, 23 Apr 18 17:14:04 +0700][ERROR] [5]: Action 'vendor' was not found on handler 'event'

[Mon, 23 Apr 18 17:14:04 +0700][ERROR] [5]: Action 'vendor' was not found on handler 'event'

[Mon, 23 Apr 18 17:14:04 +0700][ERROR] [5]: Action 'vendor' was not found on handler 'event'

[Mon, 23 Apr 18 17:14:07 +0700][ERROR] [5]: Action 'vendor' was not found on handler 'event'

[Mon, 23 Apr 18 17:14:07 +0700][ERROR] [5]: Action 'vendor' was not found on handler 'event'

[Mon, 23 Apr 18 17:14:07 +0700][ERROR] [5]: Action 'vendor' was not found on handler 'event'

[Mon, 23 Apr 18 17:14:07 +0700][ERROR] [5]: Action 'vendor' was not found on handler 'event'

[Mon, 23 Apr 18 17:17:28 +0700][ERROR] [2]: ImgController handler class cannot be loaded

[Mon, 23 Apr 18 17:17:31 +0700][ERROR] [5]: Action 'vendor' was not found on handler 'event'

[Mon, 23 Apr 18 17:17:31 +0700][ERROR] [5]: Action 'vendor' was not found on handler 'event'

[Mon, 23 Apr 18 17:17:31 +0700][ERROR] [5]: Action 'vendor' was not found on handler 'event'

[Mon, 23 Apr 18 17:17:31 +0700][ERROR] [5]: Action 'vendor' was not found on handler 'event'

[Mon, 23 Apr 18 17:17:37 +0700][ERROR] [5]: Action 'vendor' was not found on handler 'event'

[Mon, 23 Apr 18 17:17:37 +0700][ERROR] [5]: Action 'vendor' was not found on handler 'event'

[Mon, 23 Apr 18 17:17:37 +0700][ERROR] [5]: Action 'vendor' was not found on handler 'event'

[Mon, 23 Apr 18 17:17:37 +0700][ERROR] [5]: Action 'vendor' was not found on handler 'event'

[Mon, 23 Apr 18 17:18:35 +0700][ERROR] [5]: Action 'vendor' was not found on handler 'event'

[Mon, 23 Apr 18 17:18:35 +0700][ERROR] [5]: Action 'vendor' was not found on handler 'event'

[Mon, 23 Apr 18 17:18:35 +0700][ERROR] [2]: ImgController handler class cannot be loaded

[Mon, 23 Apr 18 17:18:41 +0700][ERROR] [5]: Action 'vendor' was not found on handler 'event'

[Mon, 23 Apr 18 17:18:41 +0700][ERROR] [5]: Action 'vendor' was not found on handler 'event'

[Mon, 23 Apr 18 17:18:41 +0700][ERROR] [5]: Action 'vendor' was not found on handler 'event'

[Mon, 23 Apr 18 17:18:41 +0700][ERROR] [5]: Action 'vendor' was not found on handler 'event'

[Mon, 23 Apr 18 17:19:01 +0700][ERROR] [5]: Action 'vendor' was not found on handler 'event'

[Mon, 23 Apr 18 17:19:01 +0700][ERROR] [5]: Action 'vendor' was not found on handler 'event'

[Mon, 23 Apr 18 17:19:01 +0700][ERROR] [5]: Action 'vendor' was not found on handler 'event'

[Mon, 23 Apr 18 17:19:01 +0700][ERROR] [5]: Action 'vendor' was not found on handler 'event'

